<?xml version="1.0" encoding="UTF-8"?>
<!-- Generated by org.testng.reporters.JUnitReportReporter -->
<testsuite hostname="Govind" failures="0" tests="1" name="TestCases.TC002_LoginTest" time="1.483" errors="0" timestamp="2025-02-01T11:11:39 IST" skipped="0">
  <testcase classname="TestCases.TC002_LoginTest" name="verify_login" time="1.483"/>
</testsuite> <!-- TestCases.TC002_LoginTest -->
